<?xml version="1.0" encoding="UTF-8"?>
<!-- Generated by org.testng.reporters.JUnitReportReporter -->
<testsuite hostname="LAPTOP-NOMQEQQ4" failures="0" tests="3" name="test.Assesment.test.EntrataTests" time="31.849" errors="0" timestamp="2024-09-18T19:05:24 IST" skipped="0">
  <testcase classname="test.Assesment.test.EntrataTests" name="DemoTab" time="6.155"/>
  <system-out/>
  <testcase classname="test.Assesment.test.EntrataTests" name="checkDesktopVersionLinks" time="18.854"/>
  <system-out>
    <![CDATA[Discover More
Go to Product Page
Explore More
Explore More
Schedule Demo
Explore More
Explore More]]>
  </system-out>
  <testcase classname="test.Assesment.test.EntrataTests" name="validateResidateLoginPage" time="6.840"/>
  <system-out>
    <![CDATA[Welcome to the Resident Portal App]]>
  </system-out>
</testsuite> <!-- test.Assesment.test.EntrataTests -->
